<?xml version="1.0" encoding="UTF-8"?>
<!-- Generated by org.testng.reporters.JUnitReportReporter -->
<testsuite hostname="DESKTOP-2E4SG6O" failures="0" tests="1" name="tests.PurchaseFlowTest" time="22.837" errors="0" timestamp="2025-08-21T14:22:57 IST" skipped="0">
  <testcase classname="tests.PurchaseFlowTest" name="testEndToEndPurchaseFlow" time="22.837"/>
</testsuite> <!-- tests.PurchaseFlowTest -->
