<?xml version="1.0" encoding="UTF-8"?>
<!-- Generated by org.testng.reporters.JUnitReportReporter -->
<testsuite hostname="DESKTOP-2E4SG6O" failures="0" tests="1" name="tests.CartTest" time="14.878" errors="0" timestamp="2025-08-20T18:56:43 IST" skipped="0">
  <testcase classname="tests.CartTest" name="testAddToCart" time="14.878"/>
</testsuite> <!-- tests.CartTest -->
