<?xml version="1.0" encoding="UTF-8"?>
<!-- Generated by org.testng.reporters.JUnitReportReporter -->
<testsuite hostname="DESKTOP-2E4SG6O" failures="0" tests="1" name="tests.PurchaseFlowTest" time="16.880" errors="0" timestamp="2025-08-20T18:56:07 IST" skipped="0">
  <testcase classname="tests.PurchaseFlowTest" name="testEndToEndPurchaseFlow" time="16.880"/>
</testsuite> <!-- tests.PurchaseFlowTest -->
