<?xml version="1.0" encoding="UTF-8"?>
<!-- Generated by org.testng.reporters.JUnitReportReporter -->
<testsuite hostname="DESKTOP-2E4SG6O" failures="0" tests="2" name="tests.LoginTest" time="34.459" errors="0" timestamp="2025-08-20T18:57:46 IST" skipped="0">
  <testcase classname="tests.LoginTest" name="testLogin" time="14.232"/>
  <testcase classname="tests.LoginTest" name="testLogin" time="20.227"/>
</testsuite> <!-- tests.LoginTest -->
