<?xml version="1.0" encoding="UTF-8"?>
<!-- Generated by org.testng.reporters.JUnitReportReporter -->
<testsuite hostname="DESKTOP-2E4SG6O" failures="0" tests="1" name="api_tests.UserApiTest" time="6.544" errors="0" timestamp="2025-08-20T16:39:49 IST" skipped="0">
  <testcase classname="api_tests.UserApiTest" name="testGetUser" time="6.544"/>
</testsuite> <!-- api_tests.UserApiTest -->
