<?xml version="1.0" encoding="UTF-8"?>
<!-- Generated by org.testng.reporters.JUnitReportReporter -->
<testsuite hostname="DESKTOP-2E4SG6O" failures="0" tests="1" name="quantumleap1.FirstTest" time="34.793" errors="0" timestamp="2025-08-20T13:20:55 IST" skipped="0">
  <testcase classname="quantumleap1.FirstTest" name="openSauceDemo" time="34.793"/>
</testsuite> <!-- quantumleap1.FirstTest -->
