<?xml version="1.0" encoding="UTF-8"?>
<!-- Generated by org.testng.reporters.JUnitReportReporter -->
<testsuite hostname="DESKTOP-2E4SG6O" failures="0" tests="1" name="runner.TestRunner" time="11.182" errors="0" timestamp="2025-08-21T14:21:45 IST" skipped="0">
  <testcase classname="runner.TestRunner" name="runScenario" time="11.182"/>
</testsuite> <!-- runner.TestRunner -->
